{"/Users/danwillett/ucsb/spar/websites/spatial-website/server/routes/calendarEvents.js": {"path":"/Users/danwillett/ucsb/spar/websites/spatial-website/server/routes/calendarEvents.js","statementMap":{"0":{"start":{"line":1,"column":16},"end":{"line":1,"column":34}},"1":{"start":{"line":2,"column":15},"end":{"line":2,"column":31}},"2":{"start":{"line":4,"column":19},"end":{"line":4,"column":60}},"3":{"start":{"line":5,"column":15},"end":{"line":5,"column":53}},"4":{"start":{"line":8,"column":12},"end":{"line":8,"column":172}},"5":{"start":{"line":10,"column":18},"end":{"line":21,"column":1}},"6":{"start":{"line":11,"column":4},"end":{"line":20,"column":5}},"7":{"start":{"line":12,"column":25},"end":{"line":12,"column":41}},"8":{"start":{"line":13,"column":8},"end":{"line":15,"column":9}},"9":{"start":{"line":14,"column":12},"end":{"line":14,"column":56}},"10":{"start":{"line":16,"column":21},"end":{"line":16,"column":42}},"11":{"start":{"line":17,"column":8},"end":{"line":17,"column":26}},"12":{"start":{"line":19,"column":8},"end":{"line":19,"column":58}},"13":{"start":{"line":23,"column":0},"end":{"line":33,"column":2}},"14":{"start":{"line":25,"column":4},"end":{"line":31,"column":5}},"15":{"start":{"line":26,"column":31},"end":{"line":26,"column":48}},"16":{"start":{"line":27,"column":8},"end":{"line":27,"column":32}},"17":{"start":{"line":30,"column":8},"end":{"line":30,"column":70}},"18":{"start":{"line":35,"column":0},"end":{"line":35,"column":24}}},"fnMap":{"0":{"name":"(anonymous_0)","decl":{"start":{"line":10,"column":18},"end":{"line":10,"column":19}},"loc":{"start":{"line":10,"column":30},"end":{"line":21,"column":1}},"line":10},"1":{"name":"(anonymous_1)","decl":{"start":{"line":23,"column":29},"end":{"line":23,"column":30}},"loc":{"start":{"line":23,"column":49},"end":{"line":33,"column":1}},"line":23}},"branchMap":{"0":{"loc":{"start":{"line":13,"column":8},"end":{"line":15,"column":9}},"type":"if","locations":[{"start":{"line":13,"column":8},"end":{"line":15,"column":9}},{"start":{},"end":{}}],"line":13}},"s":{"0":0,"1":0,"2":0,"3":0,"4":0,"5":0,"6":0,"7":0,"8":0,"9":0,"10":0,"11":0,"12":0,"13":0,"14":0,"15":0,"16":0,"17":0,"18":0},"f":{"0":0,"1":0},"b":{"0":[0,0]}}
,"/Users/danwillett/ucsb/spar/websites/spatial-website/server/routes/health.js": {"path":"/Users/danwillett/ucsb/spar/websites/spatial-website/server/routes/health.js","statementMap":{"0":{"start":{"line":1,"column":16},"end":{"line":1,"column":34}},"1":{"start":{"line":2,"column":15},"end":{"line":2,"column":31}},"2":{"start":{"line":3,"column":17},"end":{"line":3,"column":36}},"3":{"start":{"line":8,"column":0},"end":{"line":28,"column":3}},"4":{"start":{"line":9,"column":22},"end":{"line":16,"column":3}},"5":{"start":{"line":19,"column":2},"end":{"line":25,"column":3}},"6":{"start":{"line":20,"column":4},"end":{"line":20,"column":39}},"7":{"start":{"line":22,"column":4},"end":{"line":22,"column":41}},"8":{"start":{"line":23,"column":4},"end":{"line":23,"column":55}},"9":{"start":{"line":24,"column":4},"end":{"line":24,"column":45}},"10":{"start":{"line":27,"column":2},"end":{"line":27,"column":36}},"11":{"start":{"line":30,"column":0},"end":{"line":30,"column":24}}},"fnMap":{"0":{"name":"(anonymous_0)","decl":{"start":{"line":8,"column":22},"end":{"line":8,"column":23}},"loc":{"start":{"line":8,"column":36},"end":{"line":28,"column":1}},"line":8}},"branchMap":{"0":{"loc":{"start":{"line":19,"column":2},"end":{"line":25,"column":3}},"type":"if","locations":[{"start":{"line":19,"column":2},"end":{"line":25,"column":3}},{"start":{"line":21,"column":9},"end":{"line":25,"column":3}}],"line":19}},"s":{"0":0,"1":0,"2":0,"3":0,"4":0,"5":0,"6":0,"7":0,"8":0,"9":0,"10":0,"11":0},"f":{"0":0},"b":{"0":[0,0]}}
,"/Users/danwillett/ucsb/spar/websites/spatial-website/server/routes/uploadImages.js": {"path":"/Users/danwillett/ucsb/spar/websites/spatial-website/server/routes/uploadImages.js","statementMap":{"0":{"start":{"line":2,"column":16},"end":{"line":2,"column":34}},"1":{"start":{"line":3,"column":15},"end":{"line":3,"column":31}},"2":{"start":{"line":4,"column":57},"end":{"line":4,"column":91}},"3":{"start":{"line":5,"column":27},"end":{"line":5,"column":51}},"4":{"start":{"line":8,"column":19},"end":{"line":15,"column":1}},"5":{"start":{"line":9,"column":18},"end":{"line":9,"column":41}},"6":{"start":{"line":10,"column":2},"end":{"line":12,"column":3}},"7":{"start":{"line":11,"column":4},"end":{"line":11,"column":100}},"8":{"start":{"line":13,"column":2},"end":{"line":13,"column":26}},"9":{"start":{"line":14,"column":2},"end":{"line":14,"column":9}},"10":{"start":{"line":18,"column":0},"end":{"line":44,"column":3}},"11":{"start":{"line":19,"column":2},"end":{"line":43,"column":3}},"12":{"start":{"line":20,"column":4},"end":{"line":22,"column":5}},"13":{"start":{"line":21,"column":6},"end":{"line":21,"column":67}},"14":{"start":{"line":24,"column":4},"end":{"line":24,"column":60}},"15":{"start":{"line":25,"column":4},"end":{"line":25,"column":90}},"16":{"start":{"line":28,"column":27},"end":{"line":28,"column":53}},"17":{"start":{"line":30,"column":4},"end":{"line":30,"column":56}},"18":{"start":{"line":32,"column":4},"end":{"line":36,"column":7}},"19":{"start":{"line":38,"column":4},"end":{"line":38,"column":53}},"20":{"start":{"line":39,"column":4},"end":{"line":42,"column":7}},"21":{"start":{"line":47,"column":0},"end":{"line":64,"column":3}},"22":{"start":{"line":48,"column":2},"end":{"line":63,"column":3}},"23":{"start":{"line":49,"column":27},"end":{"line":49,"column":37}},"24":{"start":{"line":50,"column":20},"end":{"line":50,"column":48}},"25":{"start":{"line":52,"column":4},"end":{"line":56,"column":5}},"26":{"start":{"line":53,"column":6},"end":{"line":53,"column":69}},"27":{"start":{"line":55,"column":6},"end":{"line":55,"column":77}},"28":{"start":{"line":58,"column":4},"end":{"line":58,"column":49}},"29":{"start":{"line":59,"column":4},"end":{"line":62,"column":7}},"30":{"start":{"line":66,"column":0},"end":{"line":66,"column":24}}},"fnMap":{"0":{"name":"(anonymous_0)","decl":{"start":{"line":8,"column":19},"end":{"line":8,"column":20}},"loc":{"start":{"line":8,"column":39},"end":{"line":15,"column":1}},"line":8},"1":{"name":"(anonymous_1)","decl":{"start":{"line":18,"column":59},"end":{"line":18,"column":60}},"loc":{"start":{"line":18,"column":79},"end":{"line":44,"column":1}},"line":18},"2":{"name":"(anonymous_2)","decl":{"start":{"line":47,"column":49},"end":{"line":47,"column":50}},"loc":{"start":{"line":47,"column":69},"end":{"line":64,"column":1}},"line":47}},"branchMap":{"0":{"loc":{"start":{"line":10,"column":2},"end":{"line":12,"column":3}},"type":"if","locations":[{"start":{"line":10,"column":2},"end":{"line":12,"column":3}},{"start":{},"end":{}}],"line":10},"1":{"loc":{"start":{"line":20,"column":4},"end":{"line":22,"column":5}},"type":"if","locations":[{"start":{"line":20,"column":4},"end":{"line":22,"column":5}},{"start":{},"end":{}}],"line":20},"2":{"loc":{"start":{"line":25,"column":33},"end":{"line":25,"column":86}},"type":"cond-expr","locations":[{"start":{"line":25,"column":48},"end":{"line":25,"column":68}},{"start":{"line":25,"column":71},"end":{"line":25,"column":86}}],"line":25},"3":{"loc":{"start":{"line":41,"column":13},"end":{"line":41,"column":79}},"type":"cond-expr","locations":[{"start":{"line":41,"column":54},"end":{"line":41,"column":67}},{"start":{"line":41,"column":70},"end":{"line":41,"column":79}}],"line":41},"4":{"loc":{"start":{"line":52,"column":4},"end":{"line":56,"column":5}},"type":"if","locations":[{"start":{"line":52,"column":4},"end":{"line":56,"column":5}},{"start":{"line":54,"column":11},"end":{"line":56,"column":5}}],"line":52},"5":{"loc":{"start":{"line":61,"column":13},"end":{"line":61,"column":79}},"type":"cond-expr","locations":[{"start":{"line":61,"column":54},"end":{"line":61,"column":67}},{"start":{"line":61,"column":70},"end":{"line":61,"column":79}}],"line":61}},"s":{"0":1,"1":1,"2":1,"3":1,"4":1,"5":5,"6":5,"7":2,"8":3,"9":3,"10":1,"11":2,"12":2,"13":1,"14":1,"15":1,"16":1,"17":1,"18":1,"19":0,"20":0,"21":1,"22":1,"23":1,"24":1,"25":1,"26":1,"27":0,"28":0,"29":0,"30":1},"f":{"0":5,"1":2,"2":1},"b":{"0":[2,3],"1":[1,1],"2":[0,1],"3":[0,0],"4":[1,0],"5":[0,0]},"_coverageSchema":"1a1c01bbd47fc00a2c39e90264f33305004495a9","hash":"2bf8f94684b60faa73900c4a32d3e179937bbae0"}
,"/Users/danwillett/ucsb/spar/websites/spatial-website/server/schemas/index.js": {"path":"/Users/danwillett/ucsb/spar/websites/spatial-website/server/schemas/index.js","statementMap":{"0":{"start":{"line":1,"column":17},"end":{"line":1,"column":38}},"1":{"start":{"line":2,"column":18},"end":{"line":2,"column":40}},"2":{"start":{"line":4,"column":0},"end":{"line":4,"column":41}}},"fnMap":{},"branchMap":{},"s":{"0":0,"1":0,"2":0},"f":{},"b":{}}
,"/Users/danwillett/ucsb/spar/websites/spatial-website/server/schemas/resolvers.js": {"path":"/Users/danwillett/ucsb/spar/websites/spatial-website/server/schemas/resolvers.js","statementMap":{"0":{"start":{"line":1,"column":32},"end":{"line":1,"column":64}},"1":{"start":{"line":2,"column":82},"end":{"line":2,"column":102}},"2":{"start":{"line":3,"column":22},"end":{"line":3,"column":46}},"3":{"start":{"line":5,"column":18},"end":{"line":162,"column":1}},"4":{"start":{"line":8,"column":6},"end":{"line":8,"column":27}},"5":{"start":{"line":11,"column":6},"end":{"line":11,"column":29}},"6":{"start":{"line":14,"column":6},"end":{"line":23,"column":8}},"7":{"start":{"line":30,"column":6},"end":{"line":33,"column":7}},"8":{"start":{"line":31,"column":23},"end":{"line":31,"column":221}},"9":{"start":{"line":32,"column":8},"end":{"line":32,"column":21}},"10":{"start":{"line":34,"column":6},"end":{"line":34,"column":77}},"11":{"start":{"line":38,"column":6},"end":{"line":45,"column":7}},"12":{"start":{"line":39,"column":29},"end":{"line":43,"column":9}},"13":{"start":{"line":44,"column":8},"end":{"line":44,"column":27}},"14":{"start":{"line":46,"column":6},"end":{"line":46,"column":78}},"15":{"start":{"line":50,"column":6},"end":{"line":54,"column":7}},"16":{"start":{"line":51,"column":30},"end":{"line":51,"column":63}},"17":{"start":{"line":52,"column":23},"end":{"line":52,"column":42}},"18":{"start":{"line":53,"column":8},"end":{"line":53,"column":21}},"19":{"start":{"line":55,"column":6},"end":{"line":55,"column":80}},"20":{"start":{"line":59,"column":6},"end":{"line":62,"column":7}},"21":{"start":{"line":60,"column":24},"end":{"line":60,"column":96}},"22":{"start":{"line":61,"column":8},"end":{"line":61,"column":22}},"23":{"start":{"line":65,"column":6},"end":{"line":72,"column":7}},"24":{"start":{"line":66,"column":30},"end":{"line":70,"column":11}},"25":{"start":{"line":71,"column":8},"end":{"line":71,"column":28}},"26":{"start":{"line":75,"column":6},"end":{"line":79,"column":7}},"27":{"start":{"line":76,"column":31},"end":{"line":76,"column":66}},"28":{"start":{"line":77,"column":25},"end":{"line":77,"column":46}},"29":{"start":{"line":78,"column":8},"end":{"line":78,"column":23}},"30":{"start":{"line":83,"column":20},"end":{"line":83,"column":57}},"31":{"start":{"line":84,"column":6},"end":{"line":86,"column":7}},"32":{"start":{"line":85,"column":8},"end":{"line":85,"column":63}},"33":{"start":{"line":87,"column":6},"end":{"line":98,"column":7}},"34":{"start":{"line":88,"column":26},"end":{"line":88,"column":65}},"35":{"start":{"line":89,"column":8},"end":{"line":91,"column":9}},"36":{"start":{"line":90,"column":10},"end":{"line":90,"column":65}},"37":{"start":{"line":92,"column":22},"end":{"line":92,"column":38}},"38":{"start":{"line":93,"column":8},"end":{"line":93,"column":26}},"39":{"start":{"line":94,"column":8},"end":{"line":94,"column":39}},"40":{"start":{"line":95,"column":8},"end":{"line":95,"column":29}},"41":{"start":{"line":97,"column":8},"end":{"line":97,"column":51}},"42":{"start":{"line":102,"column":6},"end":{"line":138,"column":7}},"43":{"start":{"line":104,"column":38},"end":{"line":111,"column":9}},"44":{"start":{"line":106,"column":28},"end":{"line":109,"column":14}},"45":{"start":{"line":107,"column":33},"end":{"line":107,"column":70}},"46":{"start":{"line":108,"column":14},"end":{"line":108,"column":35}},"47":{"start":{"line":114,"column":31},"end":{"line":121,"column":9}},"48":{"start":{"line":116,"column":37},"end":{"line":119,"column":14}},"49":{"start":{"line":123,"column":29},"end":{"line":129,"column":9}},"50":{"start":{"line":125,"column":12},"end":{"line":125,"column":36}},"51":{"start":{"line":126,"column":31},"end":{"line":126,"column":68}},"52":{"start":{"line":127,"column":12},"end":{"line":127,"column":33}},"53":{"start":{"line":131,"column":29},"end":{"line":135,"column":10}},"54":{"start":{"line":137,"column":8},"end":{"line":137,"column":27}},"55":{"start":{"line":141,"column":6},"end":{"line":141,"column":38}},"56":{"start":{"line":142,"column":6},"end":{"line":151,"column":7}},"57":{"start":{"line":143,"column":8},"end":{"line":143,"column":33}},"58":{"start":{"line":144,"column":8},"end":{"line":144,"column":38}},"59":{"start":{"line":145,"column":32},"end":{"line":149,"column":11}},"60":{"start":{"line":150,"column":8},"end":{"line":150,"column":30}},"61":{"start":{"line":154,"column":6},"end":{"line":158,"column":7}},"62":{"start":{"line":155,"column":29},"end":{"line":155,"column":66}},"63":{"start":{"line":156,"column":23},"end":{"line":156,"column":46}},"64":{"start":{"line":157,"column":8},"end":{"line":157,"column":21}},"65":{"start":{"line":164,"column":0},"end":{"line":164,"column":27}}},"fnMap":{"0":{"name":"(anonymous_0)","decl":{"start":{"line":7,"column":12},"end":{"line":7,"column":13}},"loc":{"start":{"line":7,"column":24},"end":{"line":9,"column":5}},"line":7},"1":{"name":"(anonymous_1)","decl":{"start":{"line":10,"column":14},"end":{"line":10,"column":15}},"loc":{"start":{"line":10,"column":26},"end":{"line":12,"column":5}},"line":10},"2":{"name":"(anonymous_2)","decl":{"start":{"line":13,"column":16},"end":{"line":13,"column":17}},"loc":{"start":{"line":13,"column":28},"end":{"line":24,"column":5}},"line":13},"3":{"name":"(anonymous_3)","decl":{"start":{"line":29,"column":15},"end":{"line":29,"column":16}},"loc":{"start":{"line":29,"column":221},"end":{"line":35,"column":5}},"line":29},"4":{"name":"(anonymous_4)","decl":{"start":{"line":37,"column":16},"end":{"line":37,"column":17}},"loc":{"start":{"line":37,"column":226},"end":{"line":47,"column":5}},"line":37},"5":{"name":"(anonymous_5)","decl":{"start":{"line":49,"column":18},"end":{"line":49,"column":19}},"loc":{"start":{"line":49,"column":51},"end":{"line":56,"column":5}},"line":49},"6":{"name":"(anonymous_6)","decl":{"start":{"line":58,"column":16},"end":{"line":58,"column":17}},"loc":{"start":{"line":58,"column":94},"end":{"line":63,"column":5}},"line":58},"7":{"name":"(anonymous_7)","decl":{"start":{"line":64,"column":17},"end":{"line":64,"column":18}},"loc":{"start":{"line":64,"column":90},"end":{"line":73,"column":5}},"line":64},"8":{"name":"(anonymous_8)","decl":{"start":{"line":74,"column":19},"end":{"line":74,"column":20}},"loc":{"start":{"line":74,"column":52},"end":{"line":80,"column":5}},"line":74},"9":{"name":"(anonymous_9)","decl":{"start":{"line":82,"column":17},"end":{"line":82,"column":18}},"loc":{"start":{"line":82,"column":54},"end":{"line":99,"column":5}},"line":82},"10":{"name":"(anonymous_10)","decl":{"start":{"line":101,"column":18},"end":{"line":101,"column":19}},"loc":{"start":{"line":101,"column":54},"end":{"line":139,"column":5}},"line":101},"11":{"name":"(anonymous_11)","decl":{"start":{"line":105,"column":34},"end":{"line":105,"column":35}},"loc":{"start":{"line":105,"column":55},"end":{"line":110,"column":11}},"line":105},"12":{"name":"(anonymous_12)","decl":{"start":{"line":106,"column":51},"end":{"line":106,"column":52}},"loc":{"start":{"line":106,"column":74},"end":{"line":109,"column":13}},"line":106},"13":{"name":"(anonymous_13)","decl":{"start":{"line":115,"column":30},"end":{"line":115,"column":31}},"loc":{"start":{"line":115,"column":51},"end":{"line":120,"column":11}},"line":115},"14":{"name":"(anonymous_14)","decl":{"start":{"line":124,"column":32},"end":{"line":124,"column":33}},"loc":{"start":{"line":124,"column":55},"end":{"line":128,"column":11}},"line":124},"15":{"name":"(anonymous_15)","decl":{"start":{"line":140,"column":19},"end":{"line":140,"column":20}},"loc":{"start":{"line":140,"column":107},"end":{"line":152,"column":5}},"line":140},"16":{"name":"(anonymous_16)","decl":{"start":{"line":153,"column":21},"end":{"line":153,"column":22}},"loc":{"start":{"line":153,"column":54},"end":{"line":159,"column":5}},"line":153}},"branchMap":{"0":{"loc":{"start":{"line":30,"column":6},"end":{"line":33,"column":7}},"type":"if","locations":[{"start":{"line":30,"column":6},"end":{"line":33,"column":7}},{"start":{},"end":{}}],"line":30},"1":{"loc":{"start":{"line":38,"column":6},"end":{"line":45,"column":7}},"type":"if","locations":[{"start":{"line":38,"column":6},"end":{"line":45,"column":7}},{"start":{},"end":{}}],"line":38},"2":{"loc":{"start":{"line":50,"column":6},"end":{"line":54,"column":7}},"type":"if","locations":[{"start":{"line":50,"column":6},"end":{"line":54,"column":7}},{"start":{},"end":{}}],"line":50},"3":{"loc":{"start":{"line":59,"column":6},"end":{"line":62,"column":7}},"type":"if","locations":[{"start":{"line":59,"column":6},"end":{"line":62,"column":7}},{"start":{},"end":{}}],"line":59},"4":{"loc":{"start":{"line":65,"column":6},"end":{"line":72,"column":7}},"type":"if","locations":[{"start":{"line":65,"column":6},"end":{"line":72,"column":7}},{"start":{},"end":{}}],"line":65},"5":{"loc":{"start":{"line":75,"column":6},"end":{"line":79,"column":7}},"type":"if","locations":[{"start":{"line":75,"column":6},"end":{"line":79,"column":7}},{"start":{},"end":{}}],"line":75},"6":{"loc":{"start":{"line":84,"column":6},"end":{"line":86,"column":7}},"type":"if","locations":[{"start":{"line":84,"column":6},"end":{"line":86,"column":7}},{"start":{},"end":{}}],"line":84},"7":{"loc":{"start":{"line":89,"column":8},"end":{"line":91,"column":9}},"type":"if","locations":[{"start":{"line":89,"column":8},"end":{"line":91,"column":9}},{"start":{},"end":{}}],"line":89},"8":{"loc":{"start":{"line":102,"column":6},"end":{"line":138,"column":7}},"type":"if","locations":[{"start":{"line":102,"column":6},"end":{"line":138,"column":7}},{"start":{},"end":{}}],"line":102},"9":{"loc":{"start":{"line":142,"column":6},"end":{"line":151,"column":7}},"type":"if","locations":[{"start":{"line":142,"column":6},"end":{"line":151,"column":7}},{"start":{},"end":{}}],"line":142},"10":{"loc":{"start":{"line":154,"column":6},"end":{"line":158,"column":7}},"type":"if","locations":[{"start":{"line":154,"column":6},"end":{"line":158,"column":7}},{"start":{},"end":{}}],"line":154}},"s":{"0":0,"1":0,"2":0,"3":0,"4":0,"5":0,"6":0,"7":0,"8":0,"9":0,"10":0,"11":0,"12":0,"13":0,"14":0,"15":0,"16":0,"17":0,"18":0,"19":0,"20":0,"21":0,"22":0,"23":0,"24":0,"25":0,"26":0,"27":0,"28":0,"29":0,"30":0,"31":0,"32":0,"33":0,"34":0,"35":0,"36":0,"37":0,"38":0,"39":0,"40":0,"41":0,"42":0,"43":0,"44":0,"45":0,"46":0,"47":0,"48":0,"49":0,"50":0,"51":0,"52":0,"53":0,"54":0,"55":0,"56":0,"57":0,"58":0,"59":0,"60":0,"61":0,"62":0,"63":0,"64":0,"65":0},"f":{"0":0,"1":0,"2":0,"3":0,"4":0,"5":0,"6":0,"7":0,"8":0,"9":0,"10":0,"11":0,"12":0,"13":0,"14":0,"15":0,"16":0},"b":{"0":[0,0],"1":[0,0],"2":[0,0],"3":[0,0],"4":[0,0],"5":[0,0],"6":[0,0],"7":[0,0],"8":[0,0],"9":[0,0],"10":[0,0]}}
,"/Users/danwillett/ucsb/spar/websites/spatial-website/server/schemas/typeDefs.js": {"path":"/Users/danwillett/ucsb/spar/websites/spatial-website/server/schemas/typeDefs.js","statementMap":{"0":{"start":{"line":1,"column":16},"end":{"line":1,"column":48}},"1":{"start":{"line":4,"column":17},"end":{"line":123,"column":1}},"2":{"start":{"line":125,"column":0},"end":{"line":125,"column":26}}},"fnMap":{},"branchMap":{},"s":{"0":0,"1":0,"2":0},"f":{},"b":{}}
,"/Users/danwillett/ucsb/spar/websites/spatial-website/server/utils/admin.js": {"path":"/Users/danwillett/ucsb/spar/websites/spatial-website/server/utils/admin.js","statementMap":{"0":{"start":{"line":1,"column":0},"end":{"line":1,"column":26}},"1":{"start":{"line":2,"column":21},"end":{"line":2,"column":54}},"2":{"start":{"line":5,"column":19},"end":{"line":5,"column":42}},"3":{"start":{"line":6,"column":22},"end":{"line":6,"column":48}},"4":{"start":{"line":9,"column":4},"end":{"line":24,"column":5}},"5":{"start":{"line":10,"column":28},"end":{"line":10,"column":81}},"6":{"start":{"line":11,"column":8},"end":{"line":20,"column":9}},"7":{"start":{"line":12,"column":12},"end":{"line":12,"column":50}},"8":{"start":{"line":13,"column":26},"end":{"line":16,"column":14}},"9":{"start":{"line":17,"column":12},"end":{"line":17,"column":51}},"10":{"start":{"line":19,"column":12},"end":{"line":19,"column":47}},"11":{"start":{"line":23,"column":8},"end":{"line":23,"column":60}},"12":{"start":{"line":27,"column":0},"end":{"line":27,"column":36}}},"fnMap":{"0":{"name":"createAdminAccount","decl":{"start":{"line":8,"column":15},"end":{"line":8,"column":33}},"loc":{"start":{"line":8,"column":36},"end":{"line":25,"column":1}},"line":8}},"branchMap":{"0":{"loc":{"start":{"line":11,"column":8},"end":{"line":20,"column":9}},"type":"if","locations":[{"start":{"line":11,"column":8},"end":{"line":20,"column":9}},{"start":{"line":18,"column":15},"end":{"line":20,"column":9}}],"line":11}},"s":{"0":0,"1":0,"2":0,"3":0,"4":0,"5":0,"6":0,"7":0,"8":0,"9":0,"10":0,"11":0,"12":0},"f":{"0":0},"b":{"0":[0,0]}}
,"/Users/danwillett/ucsb/spar/websites/spatial-website/server/utils/auth.js": {"path":"/Users/danwillett/ucsb/spar/websites/spatial-website/server/utils/auth.js","statementMap":{"0":{"start":{"line":1,"column":0},"end":{"line":1,"column":26}},"1":{"start":{"line":2,"column":12},"end":{"line":2,"column":35}},"2":{"start":{"line":4,"column":15},"end":{"line":4,"column":37}},"3":{"start":{"line":5,"column":19},"end":{"line":5,"column":23}},"4":{"start":{"line":7,"column":0},"end":{"line":39,"column":2}},"5":{"start":{"line":12,"column":16},"end":{"line":12,"column":78}},"6":{"start":{"line":15,"column":4},"end":{"line":17,"column":5}},"7":{"start":{"line":16,"column":6},"end":{"line":16,"column":44}},"8":{"start":{"line":20,"column":4},"end":{"line":22,"column":5}},"9":{"start":{"line":21,"column":6},"end":{"line":21,"column":17}},"10":{"start":{"line":25,"column":4},"end":{"line":30,"column":5}},"11":{"start":{"line":26,"column":23},"end":{"line":26,"column":72}},"12":{"start":{"line":27,"column":6},"end":{"line":27,"column":22}},"13":{"start":{"line":29,"column":6},"end":{"line":29,"column":35}},"14":{"start":{"line":33,"column":4},"end":{"line":33,"column":15}},"15":{"start":{"line":36,"column":20},"end":{"line":36,"column":40}},"16":{"start":{"line":37,"column":4},"end":{"line":37,"column":74}}},"fnMap":{"0":{"name":"(anonymous_0)","decl":{"start":{"line":9,"column":18},"end":{"line":9,"column":19}},"loc":{"start":{"line":9,"column":37},"end":{"line":34,"column":3}},"line":9},"1":{"name":"(anonymous_1)","decl":{"start":{"line":35,"column":13},"end":{"line":35,"column":14}},"loc":{"start":{"line":35,"column":45},"end":{"line":38,"column":3}},"line":35}},"branchMap":{"0":{"loc":{"start":{"line":12,"column":16},"end":{"line":12,"column":78}},"type":"binary-expr","locations":[{"start":{"line":12,"column":16},"end":{"line":12,"column":30}},{"start":{"line":12,"column":34},"end":{"line":12,"column":49}},{"start":{"line":12,"column":53},"end":{"line":12,"column":78}}],"line":12},"1":{"loc":{"start":{"line":15,"column":4},"end":{"line":17,"column":5}},"type":"if","locations":[{"start":{"line":15,"column":4},"end":{"line":17,"column":5}},{"start":{},"end":{}}],"line":15},"2":{"loc":{"start":{"line":20,"column":4},"end":{"line":22,"column":5}},"type":"if","locations":[{"start":{"line":20,"column":4},"end":{"line":22,"column":5}},{"start":{},"end":{}}],"line":20}},"s":{"0":1,"1":1,"2":1,"3":1,"4":1,"5":5,"6":5,"7":2,"8":5,"9":1,"10":4,"11":4,"12":3,"13":1,"14":4,"15":6,"16":6},"f":{"0":5,"1":6},"b":{"0":[5,4,3],"1":[2,3],"2":[1,4]},"_coverageSchema":"1a1c01bbd47fc00a2c39e90264f33305004495a9","hash":"9cd044c5ef738450ce04bae39dd6b2632bd125af"}
,"/Users/danwillett/ucsb/spar/websites/spatial-website/server/utils/storageService.js": {"path":"/Users/danwillett/ucsb/spar/websites/spatial-website/server/utils/storageService.js","statementMap":{"0":{"start":{"line":1,"column":0},"end":{"line":1,"column":27}},"1":{"start":{"line":2,"column":30},"end":{"line":2,"column":60}},"2":{"start":{"line":3,"column":15},"end":{"line":3,"column":32}},"3":{"start":{"line":4,"column":13},"end":{"line":4,"column":28}},"4":{"start":{"line":5,"column":11},"end":{"line":5,"column":24}},"5":{"start":{"line":6,"column":23},"end":{"line":6,"column":38}},"6":{"start":{"line":9,"column":18},"end":{"line":9,"column":58}},"7":{"start":{"line":10,"column":40},"end":{"line":10,"column":83}},"8":{"start":{"line":11,"column":29},"end":{"line":11,"column":81}},"9":{"start":{"line":14,"column":24},"end":{"line":14,"column":28}},"10":{"start":{"line":15,"column":22},"end":{"line":15,"column":26}},"11":{"start":{"line":17,"column":0},"end":{"line":26,"column":1}},"12":{"start":{"line":18,"column":2},"end":{"line":25,"column":3}},"13":{"start":{"line":19,"column":4},"end":{"line":19,"column":96}},"14":{"start":{"line":20,"column":4},"end":{"line":20,"column":81}},"15":{"start":{"line":21,"column":4},"end":{"line":21,"column":51}},"16":{"start":{"line":23,"column":4},"end":{"line":23,"column":78}},"17":{"start":{"line":24,"column":4},"end":{"line":24,"column":49}},"18":{"start":{"line":29,"column":21},"end":{"line":42,"column":2}},"19":{"start":{"line":31,"column":23},"end":{"line":31,"column":63}},"20":{"start":{"line":33,"column":4},"end":{"line":35,"column":5}},"21":{"start":{"line":34,"column":6},"end":{"line":34,"column":52}},"22":{"start":{"line":36,"column":4},"end":{"line":36,"column":25}},"23":{"start":{"line":39,"column":23},"end":{"line":39,"column":90}},"24":{"start":{"line":40,"column":4},"end":{"line":40,"column":25}},"25":{"start":{"line":45,"column":15},"end":{"line":47,"column":37}},"26":{"start":{"line":55,"column":2},"end":{"line":57,"column":3}},"27":{"start":{"line":56,"column":4},"end":{"line":56,"column":40}},"28":{"start":{"line":60,"column":2},"end":{"line":86,"column":3}},"29":{"start":{"line":61,"column":4},"end":{"line":85,"column":5}},"30":{"start":{"line":63,"column":6},"end":{"line":65,"column":9}},"31":{"start":{"line":68,"column":23},"end":{"line":68,"column":57}},"32":{"start":{"line":69,"column":30},"end":{"line":69,"column":74}},"33":{"start":{"line":72,"column":29},"end":{"line":76,"column":8}},"34":{"start":{"line":78,"column":6},"end":{"line":78,"column":61}},"35":{"start":{"line":81,"column":6},"end":{"line":81,"column":33}},"36":{"start":{"line":83,"column":6},"end":{"line":83,"column":51}},"37":{"start":{"line":84,"column":6},"end":{"line":84,"column":69}},"38":{"start":{"line":90,"column":2},"end":{"line":90,"column":23}},"39":{"start":{"line":99,"column":2},"end":{"line":101,"column":3}},"40":{"start":{"line":100,"column":4},"end":{"line":100,"column":17}},"41":{"start":{"line":103,"column":2},"end":{"line":128,"column":3}},"42":{"start":{"line":104,"column":4},"end":{"line":124,"column":5}},"43":{"start":{"line":106,"column":21},"end":{"line":106,"column":35}},"44":{"start":{"line":107,"column":6},"end":{"line":110,"column":7}},"45":{"start":{"line":108,"column":20},"end":{"line":108,"column":43}},"46":{"start":{"line":109,"column":8},"end":{"line":109,"column":47}},"47":{"start":{"line":112,"column":30},"end":{"line":112,"column":74}},"48":{"start":{"line":113,"column":6},"end":{"line":113,"column":45}},"49":{"start":{"line":114,"column":6},"end":{"line":114,"column":53}},"50":{"start":{"line":115,"column":6},"end":{"line":115,"column":18}},"51":{"start":{"line":118,"column":23},"end":{"line":118,"column":79}},"52":{"start":{"line":119,"column":6},"end":{"line":123,"column":7}},"53":{"start":{"line":120,"column":8},"end":{"line":120,"column":32}},"54":{"start":{"line":121,"column":8},"end":{"line":121,"column":69}},"55":{"start":{"line":122,"column":8},"end":{"line":122,"column":20}},"56":{"start":{"line":126,"column":4},"end":{"line":126,"column":49}},"57":{"start":{"line":127,"column":4},"end":{"line":127,"column":17}},"58":{"start":{"line":130,"column":2},"end":{"line":130,"column":15}},"59":{"start":{"line":139,"column":2},"end":{"line":141,"column":3}},"60":{"start":{"line":140,"column":4},"end":{"line":140,"column":16}},"61":{"start":{"line":144,"column":2},"end":{"line":146,"column":3}},"62":{"start":{"line":145,"column":4},"end":{"line":145,"column":26}},"63":{"start":{"line":149,"column":2},"end":{"line":149,"column":37}},"64":{"start":{"line":152,"column":0},"end":{"line":158,"column":2}}},"fnMap":{"0":{"name":"(anonymous_0)","decl":{"start":{"line":30,"column":15},"end":{"line":30,"column":16}},"loc":{"start":{"line":30,"column":40},"end":{"line":37,"column":3}},"line":30},"1":{"name":"(anonymous_1)","decl":{"start":{"line":38,"column":12},"end":{"line":38,"column":13}},"loc":{"start":{"line":38,"column":37},"end":{"line":41,"column":3}},"line":38},"2":{"name":"uploadFile","decl":{"start":{"line":54,"column":15},"end":{"line":54,"column":25}},"loc":{"start":{"line":54,"column":32},"end":{"line":91,"column":1}},"line":54},"3":{"name":"deleteFile","decl":{"start":{"line":98,"column":15},"end":{"line":98,"column":25}},"loc":{"start":{"line":98,"column":42},"end":{"line":131,"column":1}},"line":98},"4":{"name":"getFileUrl","decl":{"start":{"line":138,"column":9},"end":{"line":138,"column":19}},"loc":{"start":{"line":138,"column":36},"end":{"line":150,"column":1}},"line":138}},"branchMap":{"0":{"loc":{"start":{"line":11,"column":29},"end":{"line":11,"column":81}},"type":"binary-expr","locations":[{"start":{"line":11,"column":29},"end":{"line":11,"column":61}},{"start":{"line":11,"column":65},"end":{"line":11,"column":81}}],"line":11},"1":{"loc":{"start":{"line":17,"column":0},"end":{"line":26,"column":1}},"type":"if","locations":[{"start":{"line":17,"column":0},"end":{"line":26,"column":1}},{"start":{},"end":{}}],"line":17},"2":{"loc":{"start":{"line":17,"column":4},"end":{"line":17,"column":48}},"type":"binary-expr","locations":[{"start":{"line":17,"column":4},"end":{"line":17,"column":13}},{"start":{"line":17,"column":17},"end":{"line":17,"column":48}}],"line":17},"3":{"loc":{"start":{"line":33,"column":4},"end":{"line":35,"column":5}},"type":"if","locations":[{"start":{"line":33,"column":4},"end":{"line":35,"column":5}},{"start":{},"end":{}}],"line":33},"4":{"loc":{"start":{"line":45,"column":15},"end":{"line":47,"column":37}},"type":"cond-expr","locations":[{"start":{"line":46,"column":4},"end":{"line":46,"column":47}},{"start":{"line":47,"column":4},"end":{"line":47,"column":37}}],"line":45},"5":{"loc":{"start":{"line":45,"column":15},"end":{"line":45,"column":43}},"type":"binary-expr","locations":[{"start":{"line":45,"column":15},"end":{"line":45,"column":24}},{"start":{"line":45,"column":28},"end":{"line":45,"column":43}}],"line":45},"6":{"loc":{"start":{"line":55,"column":2},"end":{"line":57,"column":3}},"type":"if","locations":[{"start":{"line":55,"column":2},"end":{"line":57,"column":3}},{"start":{},"end":{}}],"line":55},"7":{"loc":{"start":{"line":60,"column":2},"end":{"line":86,"column":3}},"type":"if","locations":[{"start":{"line":60,"column":2},"end":{"line":86,"column":3}},{"start":{},"end":{}}],"line":60},"8":{"loc":{"start":{"line":60,"column":6},"end":{"line":60,"column":34}},"type":"binary-expr","locations":[{"start":{"line":60,"column":6},"end":{"line":60,"column":15}},{"start":{"line":60,"column":19},"end":{"line":60,"column":34}}],"line":60},"9":{"loc":{"start":{"line":99,"column":2},"end":{"line":101,"column":3}},"type":"if","locations":[{"start":{"line":99,"column":2},"end":{"line":101,"column":3}},{"start":{},"end":{}}],"line":99},"10":{"loc":{"start":{"line":104,"column":4},"end":{"line":124,"column":5}},"type":"if","locations":[{"start":{"line":104,"column":4},"end":{"line":124,"column":5}},{"start":{"line":116,"column":11},"end":{"line":124,"column":5}}],"line":104},"11":{"loc":{"start":{"line":104,"column":8},"end":{"line":104,"column":36}},"type":"binary-expr","locations":[{"start":{"line":104,"column":8},"end":{"line":104,"column":17}},{"start":{"line":104,"column":21},"end":{"line":104,"column":36}}],"line":104},"12":{"loc":{"start":{"line":107,"column":6},"end":{"line":110,"column":7}},"type":"if","locations":[{"start":{"line":107,"column":6},"end":{"line":110,"column":7}},{"start":{},"end":{}}],"line":107},"13":{"loc":{"start":{"line":119,"column":6},"end":{"line":123,"column":7}},"type":"if","locations":[{"start":{"line":119,"column":6},"end":{"line":123,"column":7}},{"start":{},"end":{}}],"line":119},"14":{"loc":{"start":{"line":139,"column":2},"end":{"line":141,"column":3}},"type":"if","locations":[{"start":{"line":139,"column":2},"end":{"line":141,"column":3}},{"start":{},"end":{}}],"line":139},"15":{"loc":{"start":{"line":144,"column":2},"end":{"line":146,"column":3}},"type":"if","locations":[{"start":{"line":144,"column":2},"end":{"line":146,"column":3}},{"start":{},"end":{}}],"line":144},"16":{"loc":{"start":{"line":157,"column":16},"end":{"line":157,"column":46}},"type":"binary-expr","locations":[{"start":{"line":157,"column":16},"end":{"line":157,"column":25}},{"start":{"line":157,"column":29},"end":{"line":157,"column":46}}],"line":157}},"s":{"0":6,"1":6,"2":6,"3":6,"4":6,"5":6,"6":6,"7":6,"8":6,"9":6,"10":6,"11":6,"12":1,"13":1,"14":1,"15":0,"16":1,"17":1,"18":6,"19":0,"20":0,"21":0,"22":0,"23":0,"24":0,"25":6,"26":0,"27":0,"28":0,"29":0,"30":0,"31":0,"32":0,"33":0,"34":0,"35":0,"36":0,"37":0,"38":0,"39":0,"40":0,"41":0,"42":0,"43":0,"44":0,"45":0,"46":0,"47":0,"48":0,"49":0,"50":0,"51":0,"52":0,"53":0,"54":0,"55":0,"56":0,"57":0,"58":0,"59":4,"60":2,"61":2,"62":1,"63":1,"64":6},"f":{"0":0,"1":0,"2":0,"3":0,"4":4},"b":{"0":[6,0],"1":[1,5],"2":[6,1],"3":[0,0],"4":[0,6],"5":[6,1],"6":[0,0],"7":[0,0],"8":[0,0],"9":[0,0],"10":[0,0],"11":[0,0],"12":[0,0],"13":[0,0],"14":[2,2],"15":[1,1],"16":[6,1]},"_coverageSchema":"1a1c01bbd47fc00a2c39e90264f33305004495a9","hash":"05c7c3f4c96efe1bddd24d77097fd1e44b6fd8d6"}
}
